<?xml version="1.0" encoding="UTF-8"?>
<testng-results ignored="0" total="1" passed="1" failed="0" skipped="0">
  <reporter-output>
  </reporter-output>
  <suite started-at="2026-05-12T21:17:11 IST" name="Surefire suite" finished-at="2026-05-12T21:17:11 IST" duration-ms="130">
    <groups>
    </groups>
    <test started-at="2026-05-12T21:17:11 IST" name="Surefire test" finished-at="2026-05-12T21:17:11 IST" duration-ms="130">
      <class name="dec2025.jenkins_practice_gsitdec25.LoginTest">
        <test-method signature="hello()[pri:0, instance:dec2025.jenkins_practice_gsitdec25.LoginTest@78dd667e]" started-at="2026-05-12T21:17:11 IST" name="hello" finished-at="2026-05-12T21:17:11 IST" duration-ms="14" status="PASS">
          <reporter-output>
          </reporter-output>
        </test-method> <!-- hello -->
      </class> <!-- dec2025.jenkins_practice_gsitdec25.LoginTest -->
    </test> <!-- Surefire test -->
  </suite> <!-- Surefire suite -->
</testng-results>
